---------- m8_r-1_t32 @ v10_e42_t97 ----------
[Timing] preprocessing starts
[Timing] prep starts
[Timing] prep (m8_r-1_t32 @ v10_e42_t97) takes 0.21 ms
[Timing] feat starts
[Timing] feat (m8_r-1_t32 @ v10_e42_t97) takes 0.10 ms
[Timing] sepr starts
[Timing] sepr (m8_r-1_t32 @ v10_e42_t97) takes 0.09 ms
[Timing] pack starts
[Timing] pack (m8_r-1_t32_h2 @ v10_e42_t97) takes 0.10 ms
[Timing] preprocessing (m8_r-1_t32_h2 @ v10_e42_t97) takes 44.28 ms
    Preparation:
        CHEATING
        after status:
            vertex_count=None
            edge_count=None
    Seperation:
        CHEATING
    View Bin Statistics:
        [2 hops] 1 bins:
            bin 0: 10 nodes, 84 edges
[Timing] rebuild_main starts
[Timing] rebuild_main takes 22246.94 ms
[Timing] processing starts
[Timing] processing (m8_r8_t32_h2 @ v10_e42_t97 : -p 0) takes 10341.96 ms
[Timing] processing starts
[Timing] processing (m8_r8_t32_h2 @ v10_e42_t97 : -p 2) takes 9991.89 ms
[Timing] processing starts
[Timing] processing (m8_r8_t32_h2 @ v10_e42_t97 : -p 4) takes 10543.51 ms
[Timing] processing starts
[Timing] processing (m8_r8_t32_h2 @ v10_e42_t97 : -p 5) takes 11295.66 ms
---------- m8_r-1_t32 @ v10_e42_t97 ----------
