---------- m8_r8_t32_h2 @ v10_e18_t5 : -p 0 ----------
timestamp [epoch], gpu_utilization [%], memory_utilization [%], memory_used [MiB], pcie_tx_throughput [MiB/s], pcie_rx_throughput [MiB/s]
1706810972.4220057, 0, 0, 21.69, 160.16, 115.23
1706810972.5891399, 0, 0, 434.62, 3.91, 0.98
1706810972.7766783, 2, 0, 434.62, 0.00, 0.00
1706810973.3239760, 0, 0, 434.62, 0.00, 0.00
1706810973.5298917, 0, 0, 434.62, 0.00, 0.00
1706810974.0775807, 0, 0, 434.62, 0.00, 0.00
1706810974.6250861, 0, 0, 434.62, 0.98, 0.00
1706810974.7698536, 0, 0, 434.62, 0.00, 0.00
1706810974.9531548, 0, 0, 434.62, 0.00, 0.00
1706810975.1564686, 0, 0, 446.62, 1225.59, 484.38
1706810975.3475802, 6, 0, 448.62, 0.00, 0.00
1706810975.8537476, 0, 0, 448.62, 0.00, 0.00
1706810976.0570333, 0, 0, 448.62, 0.00, 0.00
1706810976.2602580, 0, 0, 448.62, 0.00, 0.98
1706810976.6455328, 0, 0, 448.62, 0.00, 0.00
1706810976.8716400, 0, 0, 448.62, 991.21, 790.04
1706810977.1130145, 6, 0, 464.62, 0.00, 0.00
1706810977.6595860, 0, 0, 464.62, 0.00, 0.00
1706810977.8642800, 0, 0, 464.62, 0.00, 0.00
1706810978.0895646, 0, 0, 464.62, 0.00, 0.00
1706810978.6362047, 0, 0, 468.62, 1000.00, 686.52
1706810978.8883009, 0, 0, 536.62, 0.00, 0.00
1706810979.2657056, 0, 0, 536.62, 0.00, 0.00
1706810979.8128591, 0, 0, 536.62, 74.22, 0.00
1706810980.3037570, 0, 0, 522.62, 0.00, 0.00
1706810980.4890046, 0, 0, 508.62, 0.98, 0.00
1706810980.7356863, 3, 0, 508.62, 0.00, 0.00
1706810980.8784778, 0, 0, 508.62, 0.00, 0.00
1706810981.0826757, 0, 0, 504.62, 9.77, 0.00
---------- m8_r8_t32_h2 @ v10_e18_t5 : -p 2 ----------
timestamp [epoch], gpu_utilization [%], memory_utilization [%], memory_used [MiB], pcie_tx_throughput [MiB/s], pcie_rx_throughput [MiB/s]
1706810981.2389061, 0, 0, 4.00, 9.77, 0.98
1706810981.3991327, 5, 0, 434.62, 0.00, 0.00
1706810981.6049001, 1, 0, 434.62, 0.00, 0.00
1706810981.8288729, 0, 0, 434.62, 0.00, 0.00
1706810982.3763969, 0, 0, 434.62, 0.00, 0.00
1706810982.5801051, 0, 0, 434.62, 0.00, 0.00
1706810982.7457359, 0, 0, 434.62, 0.00, 0.00
1706810982.9089906, 0, 0, 434.62, 0.00, 0.00
1706810983.4562261, 0, 0, 434.62, 0.00, 0.00
1706810983.6595960, 0, 0, 434.62, 0.00, 0.00
1706810983.9069266, 5, 0, 448.62, 0.00, 0.00
1706810984.0901265, 0, 0, 448.62, 0.00, 0.00
1706810984.4752834, 0, 0, 448.62, 0.00, 0.00
1706810984.6584592, 0, 0, 448.62, 0.00, 0.00
1706810984.8051665, 0, 0, 448.62, 0.00, 0.00
1706810985.0490839, 0, 0, 448.62, 0.00, 0.00
1706810985.2322574, 0, 0, 448.62, 0.00, 0.00
1706810985.4558265, 0, 0, 448.62, 0.00, 990.23
1706810985.7234206, 6, 0, 464.62, 0.00, 0.00
1706810986.1489263, 0, 0, 464.62, 0.00, 0.98
1706810986.6753383, 0, 0, 464.62, 0.00, 0.00
1706810986.8583848, 0, 0, 464.62, 0.00, 0.00
1706810987.0213201, 0, 0, 464.62, 0.00, 547.85
1706810987.4695375, 11, 0, 536.62, 0.00, 0.00
1706810987.9097390, 0, 0, 536.62, 0.00, 74.22
1706810988.3185494, 3, 0, 522.62, 0.00, 0.00
1706810988.6650946, 0, 0, 522.62, 0.00, 74.22
1706810988.9348123, 3, 0, 508.62, 0.00, 1.95
---------- m8_r8_t32_h2 @ v10_e18_t5 : -p 4 ----------
timestamp [epoch], gpu_utilization [%], memory_utilization [%], memory_used [MiB], pcie_tx_throughput [MiB/s], pcie_rx_throughput [MiB/s]
1706810989.4221435, 0, 0, 4.00, 0.00, 6.84
1706810989.5762813, 5, 0, 434.62, 0.00, 0.00
1706810989.7614412, 1, 0, 434.62, 0.00, 0.00
1706810989.9450140, 0, 0, 434.62, 0.00, 0.00
1706810990.1891205, 0, 0, 434.62, 0.00, 0.00
1706810990.6760941, 0, 0, 434.62, 0.00, 0.00
1706810990.9470317, 0, 0, 434.62, 0.00, 0.00
1706810991.3326936, 0, 0, 434.62, 0.00, 0.00
1706810991.8800986, 0, 0, 434.62, 0.00, 0.00
1706810992.1036170, 0, 0, 446.62, 1250.98, 459.96
1706810992.3351173, 6, 0, 448.62, 0.00, 0.00
1706810992.5197489, 0, 0, 448.62, 0.00, 0.00
1706810992.6645095, 0, 0, 448.62, 0.00, 0.00
1706810992.8504179, 0, 0, 448.62, 0.00, 0.00
1706810993.2152011, 0, 0, 448.62, 0.00, 0.00
1706810993.4405940, 0, 0, 448.62, 0.00, 0.00
1706810993.9468274, 0, 0, 464.62, 1310.55, 425.78
1706810994.1243622, 6, 0, 464.62, 0.00, 0.98
1706810994.6715345, 0, 0, 464.62, 0.00, 0.00
1706810994.8546743, 0, 0, 464.62, 0.00, 0.00
1706810995.0396459, 0, 0, 464.62, 0.00, 0.00
1706810995.5862281, 0, 0, 464.62, 552.73, 1222.66
1706810995.9065340, 0, 0, 536.62, 0.00, 0.00
1706810996.2341802, 0, 0, 536.62, 0.00, 0.00
1706810996.4674094, 0, 0, 536.62, 0.00, 0.00
1706810996.6709976, 3, 0, 522.62, 1.95, 0.00
1706810996.9979749, 3, 0, 522.62, 0.00, 0.00
1706810997.2238138, 0, 0, 522.62, 0.00, 4.88
1706810997.7714050, 3, 0, 508.62, 0.00, 0.00
1706810998.3634658, 0, 0, 508.62, 0.00, 0.00
1706810998.5874093, 0, 0, 508.62, 0.00, 8.79
---------- m8_r8_t32_h2 @ v10_e18_t5 : -p 5 ----------
timestamp [epoch], gpu_utilization [%], memory_utilization [%], memory_used [MiB], pcie_tx_throughput [MiB/s], pcie_rx_throughput [MiB/s]
1706810998.7317924, 0, 0, 4.00, 0.00, 6.84
1706810998.8897538, 6, 0, 434.62, 0.00, 0.00
1706810999.3766294, 0, 0, 434.62, 0.00, 0.00
1706810999.9262853, 0, 0, 434.62, 0.00, 0.00
1706811000.3321476, 0, 0, 434.62, 0.00, 0.00
1706811000.5560064, 0, 0, 434.62, 0.00, 0.98
1706811000.6990778, 0, 0, 434.62, 0.00, 0.00
1706811000.9225438, 0, 0, 434.62, 0.00, 0.00
1706811001.1460207, 0, 0, 434.62, 528.32, 1211.91
1706811001.4713194, 6, 0, 448.62, 0.00, 0.00
1706811001.8161306, 0, 0, 448.62, 0.00, 0.00
1706811002.1629391, 0, 0, 448.62, 0.00, 0.00
1706811002.6691670, 0, 0, 448.62, 0.00, 0.00
1706811002.8522575, 0, 0, 448.62, 0.00, 0.00
1706811003.0353942, 0, 0, 464.62, 1291.99, 440.43
1706811003.2777238, 6, 0, 464.62, 0.00, 0.00
1706811003.4811132, 0, 0, 464.62, 0.00, 0.00
1706811003.6845281, 0, 0, 464.62, 0.00, 0.00
1706811004.2312081, 0, 0, 464.62, 0.00, 0.00
1706811004.5157893, 0, 0, 464.62, 0.98, 0.00
1706811004.6990428, 0, 0, 464.62, 0.00, 980.47
1706811005.0424650, 11, 0, 536.62, 0.00, 0.00
1706811005.4995694, 0, 0, 536.62, 0.00, 0.00
1706811005.6831443, 0, 0, 536.62, 0.00, 0.00
1706811005.9070673, 0, 0, 536.62, 16.60, 55.66
1706811006.3006940, 0, 0, 522.62, 0.00, 0.00
1706811006.4842050, 0, 0, 522.62, 0.98, 0.00
1706811006.7086122, 0, 0, 522.62, 0.00, 74.22
1706811007.3200171, 0, 0, 508.62, 0.00, 0.00
1706811007.7260423, 0, 0, 508.62, 0.00, 3.91
