-------------------- m8_r8_t32_h2 @ v10_e18_t5 : -p 0 --------------------
m: 8 t: 32 qs: 3 pn: 3 cn: 1
equivalence classes:
0: 0 1 2 
conditions:
0 1
0 2
1 2
========= P0 =========
vertex count: 3 edge count: 3
0: 1 2 
1: 0 2 
2: 0 1 
conditions: 
0: LESS_THAN(1), LESS_THAN(2), 
1: LAGER_THAN(0), LESS_THAN(2), 
2: LAGER_THAN(0), LAGER_THAN(1), 
========= Pattern =========
root: 0 hop: 2 degree: 2
search sequence:
0 1 2 
back connectivity:
0: 
1: 0 
2: 0 1 
compute execute sequence:
(MATERIALIZE,0),(COMPUTE,1),(MATERIALIZE,1),(COMPUTE,2),
======= Plan Pattern =======
vertex count: 3 edge count: 3
execute sequence:
(MATERIALIZE,0),(COMPUTE,1),(MATERIALIZE,1),(COMPUTE_COUNT,2),
materialized vertices:()
computed_unmaterialized_vertices:()
materialized vertices:(0)
computed_unmaterialized_vertices:()
materialized vertices:(0)
computed_unmaterialized_vertices:(1)
materialized vertices:(0,1)
computed_unmaterialized_vertices:()
start read csr bin file....
uintV_size=4,uintE_size=8
vertex_count=10,edge_count=36
finish read csr bin file, elapsed_time=0.06ms
finish loaded view bin partition file, 1 view bins, elapsed_time=0.047000ms
max partitioned sources num: 10
finish view bin buffer, elapsed_time=6389.405000ms
producer 1 gets 0
view bin 0: sources 10 vertices 10 edges 36
finish view bin materialized 0, elapsed_time=7.194000ms
producer 1 produces 0 in 0
available mem: 10854
available mem after: 10854
finish device 0 executor construction, elapsed_time=11.585000ms
consumer 0 gets 0
device 0 transfer view bin 0
available mem for imdata: 10854
finish device 0 memory copy, elapsed_time=0.113000ms
consumer 0 completes transfer 0


Current process: MATERIALIZE 0
Instances: 
instances[0] NULL
instances[1] NULL
instances[2] NULL
CandidatesIndices: 
candidates_index[0] NULL
candidates_index[1] NULL
candidates_index[2] NULL
CandidatesOffsets: 
candidates_offset[0] NULL
candidates_offset[1] NULL
candidates_offset[2] NULL
Candidates: 
candidates[0] NULL
candidates[1] NULL
candidates[2] NULL


Current process: COMPUTE 1
Instances: 
instances[0] size=10, 0 1 2 3 4 5 6 7 8 9
instances[1] NULL
instances[2] NULL
CandidatesIndices: 
candidates_index[0] NULL
candidates_index[1] NULL
candidates_index[2] NULL
CandidatesOffsets: 
candidates_offset[0] NULL
candidates_offset[1] NULL
candidates_offset[2] NULL
Candidates: 
candidates[0] NULL
candidates[1] NULL
candidates[2] NULL


Current process: MATERIALIZE 2
Instances: 
instances[0] size=10, 0 1 2 3 4 5 6 7 8 9
instances[1] NULL
instances[2] NULL
CandidatesIndices: 
candidates_index[0] NULL
candidates_index[1] size=10, 0 1 2 3 4 5 6 7 8 9
candidates_index[2] NULL
CandidatesOffsets: 
candidates_offset[0] NULL
candidates_offset[1] size=11, 0 6 9 12 13 14 17 17 18 18 18
candidates_offset[2] NULL
Candidates: 
candidates[0] NULL
candidates[1] size=18, 3 4 5 6 8 9 5 8 9 3 4 7 8 9 6 7 8 9
candidates[2] NULL


Current process: COMPUTE_COUNT 3
Instances: 
instances[0] size=18, 0 0 0 0 0 0 1 1 1 2 2 2 3 4 5 5 5 7
instances[1] size=18, 3 4 5 6 8 9 5 8 9 3 4 7 8 9 6 7 8 9
instances[2] NULL
CandidatesIndices: 
candidates_index[0] NULL
candidates_index[1] size=18, 0 0 0 0 0 0 1 1 1 2 2 2 3 4 5 5 5 7
candidates_index[2] NULL
CandidatesOffsets: 
candidates_offset[0] NULL
candidates_offset[1] size=11, 0 6 9 12 13 14 17 17 18 18 18
candidates_offset[2] NULL
Candidates: 
candidates[0] NULL
candidates[1] size=18, 3 4 5 6 8 9 5 8 9 3 4 7 8 9 6 7 8 9
candidates[2] NULL
finish device 0 match, elapsed_time=5.706000ms
consumer 0 completes match 0
consumer 0 stops
finish total time, elapsed_time=17.847000ms
total count for query 0: 5
-------------------- m8_r8_t32_h2 @ v10_e18_t5 : -p 2 --------------------
m: 8 t: 32 qs: 3 pn: 3 cn: 1
equivalence classes:
0: 0 1 
2: 2 3 
conditions:
0 1
2 3
========= P2 =========
vertex count: 4 edge count: 5
0: 1 2 3 
1: 0 2 3 
2: 0 1 
3: 0 1 
conditions: 
0: LESS_THAN(1), 
1: LAGER_THAN(0), 
2: LESS_THAN(3), 
3: LAGER_THAN(2), 
========= Pattern =========
root: 0 hop: 2 degree: 3
search sequence:
0 1 2 3 
back connectivity:
0: 
1: 0 
2: 0 1 
3: 0 1 
compute execute sequence:
(MATERIALIZE,0),(COMPUTE,1),(MATERIALIZE,1),(COMPUTE,2),(COMPUTE,3),
======= Plan Pattern =======
vertex count: 4 edge count: 5
execute sequence:
(MATERIALIZE,0),(COMPUTE,1),(MATERIALIZE,1),(COMPUTE,2),(COMPUTE_COUNT,3),
materialized vertices:()
computed_unmaterialized_vertices:()
materialized vertices:(0)
computed_unmaterialized_vertices:()
materialized vertices:(0)
computed_unmaterialized_vertices:(1)
materialized vertices:(0,1)
computed_unmaterialized_vertices:()
materialized vertices:(0,1)
computed_unmaterialized_vertices:(2)
start read csr bin file....
uintV_size=4,uintE_size=8
vertex_count=10,edge_count=36
finish read csr bin file, elapsed_time=0.026ms
finish loaded view bin partition file, 1 view bins, elapsed_time=0.033000ms
max partitioned sources num: 10
finish view bin buffer, elapsed_time=6102.104000ms
producer 0 gets 0
view bin 0: sources 10 vertices 10 edges 36
finish view bin materialized 0, elapsed_time=9.631000ms
producer 0 produces 0 in 0
available mem: 10854
available mem after: 10854
finish device 0 executor construction, elapsed_time=11.383000ms
consumer 0 gets 0
device 0 transfer view bin 0
available mem for imdata: 10854
finish device 0 memory copy, elapsed_time=0.094000ms
consumer 0 completes transfer 0


Current process: MATERIALIZE 0
Instances: 
instances[0] NULL
instances[1] NULL
instances[2] NULL
instances[3] NULL
CandidatesIndices: 
candidates_index[0] NULL
candidates_index[1] NULL
candidates_index[2] NULL
candidates_index[3] NULL
CandidatesOffsets: 
candidates_offset[0] NULL
candidates_offset[1] NULL
candidates_offset[2] NULL
candidates_offset[3] NULL
Candidates: 
candidates[0] NULL
candidates[1] NULL
candidates[2] NULL
candidates[3] NULL


Current process: COMPUTE 1
Instances: 
instances[0] size=10, 0 1 2 3 4 5 6 7 8 9
instances[1] NULL
instances[2] NULL
instances[3] NULL
CandidatesIndices: 
candidates_index[0] NULL
candidates_index[1] NULL
candidates_index[2] NULL
candidates_index[3] NULL
CandidatesOffsets: 
candidates_offset[0] NULL
candidates_offset[1] NULL
candidates_offset[2] NULL
candidates_offset[3] NULL
Candidates: 
candidates[0] NULL
candidates[1] NULL
candidates[2] NULL
candidates[3] NULL


Current process: MATERIALIZE 2
Instances: 
instances[0] size=10, 0 1 2 3 4 5 6 7 8 9
instances[1] NULL
instances[2] NULL
instances[3] NULL
CandidatesIndices: 
candidates_index[0] NULL
candidates_index[1] size=10, 0 1 2 3 4 5 6 7 8 9
candidates_index[2] NULL
candidates_index[3] NULL
CandidatesOffsets: 
candidates_offset[0] NULL
candidates_offset[1] size=11, 0 6 9 12 13 14 17 17 18 18 18
candidates_offset[2] NULL
candidates_offset[3] NULL
Candidates: 
candidates[0] NULL
candidates[1] size=18, 3 4 5 6 8 9 5 8 9 3 4 7 8 9 6 7 8 9
candidates[2] NULL
candidates[3] NULL


Current process: COMPUTE 3
Instances: 
instances[0] size=18, 0 0 0 0 0 0 1 1 1 2 2 2 3 4 5 5 5 7
instances[1] size=18, 3 4 5 6 8 9 5 8 9 3 4 7 8 9 6 7 8 9
instances[2] NULL
instances[3] NULL
CandidatesIndices: 
candidates_index[0] NULL
candidates_index[1] size=18, 0 0 0 0 0 0 1 1 1 2 2 2 3 4 5 5 5 7
candidates_index[2] NULL
candidates_index[3] NULL
CandidatesOffsets: 
candidates_offset[0] NULL
candidates_offset[1] size=11, 0 6 9 12 13 14 17 17 18 18 18
candidates_offset[2] NULL
candidates_offset[3] NULL
Candidates: 
candidates[0] NULL
candidates[1] size=18, 3 4 5 6 8 9 5 8 9 3 4 7 8 9 6 7 8 9
candidates[2] NULL
candidates[3] NULL


Current process: COMPUTE_COUNT 4
Instances: 
instances[0] size=18, 0 0 0 0 0 0 1 1 1 2 2 2 3 4 5 5 5 7
instances[1] size=18, 3 4 5 6 8 9 5 8 9 3 4 7 8 9 6 7 8 9
instances[2] NULL
instances[3] NULL
CandidatesIndices: 
candidates_index[0] NULL
candidates_index[1] size=18, 0 0 0 0 0 0 1 1 1 2 2 2 3 4 5 5 5 7
candidates_index[2] size=18, 0 1 2 3 4 5 6 7 8 9 10 11 12 13 14 15 16 17
candidates_index[3] NULL
CandidatesOffsets: 
candidates_offset[0] NULL
candidates_offset[1] size=11, 0 6 9 12 13 14 17 17 18 18 18
candidates_offset[2] size=19, 0 1 2 4 5 7 8 9 10 10 10 10 10 11 12 13 13 15 15
candidates_offset[3] NULL
Candidates: 
candidates[0] NULL
candidates[1] size=18, 3 4 5 6 8 9 5 8 9 3 4 7 8 9 6 7 8 9
candidates[2] size=15, 8 9 6 8 5 3 5 4 8 5 0 0 0 0 1
candidates[3] NULL
finish device 0 match, elapsed_time=11.619000ms
consumer 0 completes match 0
consumer 0 stops
finish total time, elapsed_time=23.620000ms
total count for query 0: 3
-------------------- m8_r8_t32_h2 @ v10_e18_t5 : -p 4 --------------------
m: 8 t: 32 qs: 3 pn: 3 cn: 1
equivalence classes:
0: 0 1 
2: 2 
3: 3 4 
conditions:
0 1
========= P4 =========
vertex count: 5 edge count: 6
0: 1 2 3 
1: 0 2 4 
2: 0 1 
3: 0 4 
4: 1 3 
conditions: 
0: LESS_THAN(1), 
1: LAGER_THAN(0), 
2: 
3: 
4: 
========= Pattern =========
root: 0 hop: 2 degree: 3
search sequence:
0 1 2 3 4 
back connectivity:
0: 
1: 0 
2: 0 1 
3: 0 
4: 1 3 
compute execute sequence:
(MATERIALIZE,0),(COMPUTE,1),(MATERIALIZE,1),(COMPUTE,2),(COMPUTE,3),(MATERIALIZE,3),(COMPUTE,4),
======= Plan Pattern =======
vertex count: 5 edge count: 6
execute sequence:
(MATERIALIZE,0),(COMPUTE,1),(MATERIALIZE,1),(COMPUTE,2),(COMPUTE,3),(MATERIALIZE,3),(FILTER_COMPUTE,2),(COMPUTE_COUNT,4),
materialized vertices:()
computed_unmaterialized_vertices:()
materialized vertices:(0)
computed_unmaterialized_vertices:()
materialized vertices:(0)
computed_unmaterialized_vertices:(1)
materialized vertices:(0,1)
computed_unmaterialized_vertices:()
materialized vertices:(0,1)
computed_unmaterialized_vertices:(2)
materialized vertices:(0,1)
computed_unmaterialized_vertices:(2,3)
materialized vertices:(0,1,3)
computed_unmaterialized_vertices:(2)
materialized vertices:(0,1,3)
computed_unmaterialized_vertices:(2)
start read csr bin file....
uintV_size=4,uintE_size=8
vertex_count=10,edge_count=36
finish read csr bin file, elapsed_time=0.028ms
finish loaded view bin partition file, 1 view bins, elapsed_time=0.038000ms
max partitioned sources num: 10
finish view bin buffer, elapsed_time=6340.638000ms
producer 0 gets 0
view bin 0: sources 10 vertices 10 edges 36
finish view bin materialized 0, elapsed_time=4.046000ms
producer 0 produces 0 in 0
available mem: 10854
available mem after: 10854
finish device 0 executor construction, elapsed_time=14.541000ms
consumer 0 gets 0
device 0 transfer view bin 0
available mem for imdata: 10854
finish device 0 memory copy, elapsed_time=0.045000ms
consumer 0 completes transfer 0


Current process: MATERIALIZE 0
Instances: 
instances[0] NULL
instances[1] NULL
instances[2] NULL
instances[3] NULL
instances[4] NULL
CandidatesIndices: 
candidates_index[0] NULL
candidates_index[1] NULL
candidates_index[2] NULL
candidates_index[3] NULL
candidates_index[4] NULL
CandidatesOffsets: 
candidates_offset[0] NULL
candidates_offset[1] NULL
candidates_offset[2] NULL
candidates_offset[3] NULL
candidates_offset[4] NULL
Candidates: 
candidates[0] NULL
candidates[1] NULL
candidates[2] NULL
candidates[3] NULL
candidates[4] NULL


Current process: COMPUTE 1
Instances: 
instances[0] size=10, 0 1 2 3 4 5 6 7 8 9
instances[1] NULL
instances[2] NULL
instances[3] NULL
instances[4] NULL
CandidatesIndices: 
candidates_index[0] NULL
candidates_index[1] NULL
candidates_index[2] NULL
candidates_index[3] NULL
candidates_index[4] NULL
CandidatesOffsets: 
candidates_offset[0] NULL
candidates_offset[1] NULL
candidates_offset[2] NULL
candidates_offset[3] NULL
candidates_offset[4] NULL
Candidates: 
candidates[0] NULL
candidates[1] NULL
candidates[2] NULL
candidates[3] NULL
candidates[4] NULL


Current process: MATERIALIZE 2
Instances: 
instances[0] size=10, 0 1 2 3 4 5 6 7 8 9
instances[1] NULL
instances[2] NULL
instances[3] NULL
instances[4] NULL
CandidatesIndices: 
candidates_index[0] NULL
candidates_index[1] size=10, 0 1 2 3 4 5 6 7 8 9
candidates_index[2] NULL
candidates_index[3] NULL
candidates_index[4] NULL
CandidatesOffsets: 
candidates_offset[0] NULL
candidates_offset[1] size=11, 0 6 9 12 13 14 17 17 18 18 18
candidates_offset[2] NULL
candidates_offset[3] NULL
candidates_offset[4] NULL
Candidates: 
candidates[0] NULL
candidates[1] size=18, 3 4 5 6 8 9 5 8 9 3 4 7 8 9 6 7 8 9
candidates[2] NULL
candidates[3] NULL
candidates[4] NULL


Current process: COMPUTE 3
Instances: 
instances[0] size=18, 0 0 0 0 0 0 1 1 1 2 2 2 3 4 5 5 5 7
instances[1] size=18, 3 4 5 6 8 9 5 8 9 3 4 7 8 9 6 7 8 9
instances[2] NULL
instances[3] NULL
instances[4] NULL
CandidatesIndices: 
candidates_index[0] NULL
candidates_index[1] size=18, 0 0 0 0 0 0 1 1 1 2 2 2 3 4 5 5 5 7
candidates_index[2] NULL
candidates_index[3] NULL
candidates_index[4] NULL
CandidatesOffsets: 
candidates_offset[0] NULL
candidates_offset[1] size=11, 0 6 9 12 13 14 17 17 18 18 18
candidates_offset[2] NULL
candidates_offset[3] NULL
candidates_offset[4] NULL
Candidates: 
candidates[0] NULL
candidates[1] size=18, 3 4 5 6 8 9 5 8 9 3 4 7 8 9 6 7 8 9
candidates[2] NULL
candidates[3] NULL
candidates[4] NULL


Current process: COMPUTE 4
Instances: 
instances[0] size=18, 0 0 0 0 0 0 1 1 1 2 2 2 3 4 5 5 5 7
instances[1] size=18, 3 4 5 6 8 9 5 8 9 3 4 7 8 9 6 7 8 9
instances[2] NULL
instances[3] NULL
instances[4] NULL
CandidatesIndices: 
candidates_index[0] NULL
candidates_index[1] size=18, 0 0 0 0 0 0 1 1 1 2 2 2 3 4 5 5 5 7
candidates_index[2] size=18, 0 1 2 3 4 5 6 7 8 9 10 11 12 13 14 15 16 17
candidates_index[3] NULL
candidates_index[4] NULL
CandidatesOffsets: 
candidates_offset[0] NULL
candidates_offset[1] size=11, 0 6 9 12 13 14 17 17 18 18 18
candidates_offset[2] size=19, 0 1 2 4 5 7 8 9 10 10 10 10 10 11 12 13 13 15 15
candidates_offset[3] NULL
candidates_offset[4] NULL
Candidates: 
candidates[0] NULL
candidates[1] size=18, 3 4 5 6 8 9 5 8 9 3 4 7 8 9 6 7 8 9
candidates[2] size=15, 8 9 6 8 5 3 5 4 8 5 0 0 0 0 1
candidates[3] NULL
candidates[4] NULL


Current process: MATERIALIZE 5
Instances: 
instances[0] size=18, 0 0 0 0 0 0 1 1 1 2 2 2 3 4 5 5 5 7
instances[1] size=18, 3 4 5 6 8 9 5 8 9 3 4 7 8 9 6 7 8 9
instances[2] NULL
instances[3] NULL
instances[4] NULL
CandidatesIndices: 
candidates_index[0] NULL
candidates_index[1] size=18, 0 0 0 0 0 0 1 1 1 2 2 2 3 4 5 5 5 7
candidates_index[2] size=18, 0 1 2 3 4 5 6 7 8 9 10 11 12 13 14 15 16 17
candidates_index[3] size=18, 0 1 2 3 4 5 6 7 8 9 10 11 12 13 14 15 16 17
candidates_index[4] NULL
CandidatesOffsets: 
candidates_offset[0] NULL
candidates_offset[1] size=11, 0 6 9 12 13 14 17 17 18 18 18
candidates_offset[2] size=19, 0 1 2 4 5 7 8 9 10 10 10 10 10 11 12 13 13 15 15
candidates_offset[3] size=19, 0 5 10 15 20 25 30 32 34 36 38 40 42 44 46 50 54 58 60
candidates_offset[4] NULL
Candidates: 
candidates[0] NULL
candidates[1] size=18, 3 4 5 6 8 9 5 8 9 3 4 7 8 9 6 7 8 9
candidates[2] size=15, 8 9 6 8 5 3 5 4 8 5 0 0 0 0 1
candidates[3] size=60, 4 5 6 8 9 3 5 6 8 9 3 4 6 8 9 3 4 5 8 9 3 4 5 6 9 3 4 5 6 8 8 9 5 9 5 8 4 7 3 7 3 4 0 2 0 2 0 1 7 8 0 1 6 8 0 1 6 7 2 5
candidates[4] NULL


Current process: FILTER_COMPUTE 6
Instances: 
instances[0] size=60, 0 0 0 0 0 0 0 0 0 0 0 0 0 0 0 0 0 0 0 0 0 0 0 0 0 0 0 0 0 0 1 1 1 1 1 1 2 2 2 2 2 2 3 3 4 4 5 5 5 5 5 5 5 5 5 5 5 5 7 7
instances[1] size=60, 3 3 3 3 3 4 4 4 4 4 5 5 5 5 5 6 6 6 6 6 8 8 8 8 8 9 9 9 9 9 5 5 8 8 9 9 3 3 4 4 7 7 8 8 9 9 6 6 6 6 7 7 7 7 8 8 8 8 9 9
instances[2] NULL
instances[3] size=60, 4 5 6 8 9 3 5 6 8 9 3 4 6 8 9 3 4 5 8 9 3 4 5 6 9 3 4 5 6 8 8 9 5 9 5 8 4 7 3 7 3 4 0 2 0 2 0 1 7 8 0 1 6 8 0 1 6 7 2 5
instances[4] NULL
CandidatesIndices: 
candidates_index[0] NULL
candidates_index[1] size=18, 0 0 0 0 0 0 1 1 1 2 2 2 3 4 5 5 5 7
candidates_index[2] size=60, 0 0 0 0 0 1 1 1 1 1 2 2 2 2 2 3 3 3 3 3 4 4 4 4 4 5 5 5 5 5 6 6 7 7 8 8 9 9 10 10 11 11 12 12 13 13 14 14 14 14 15 15 15 15 16 16 16 16 17 17
candidates_index[3] size=60, 0 0 0 0 0 1 1 1 1 1 2 2 2 2 2 3 3 3 3 3 4 4 4 4 4 5 5 5 5 5 6 6 7 7 8 8 9 9 10 10 11 11 12 12 13 13 14 14 14 14 15 15 15 15 16 16 16 16 17 17
candidates_index[4] NULL
CandidatesOffsets: 
candidates_offset[0] NULL
candidates_offset[1] size=11, 0 6 9 12 13 14 17 17 18 18 18
candidates_offset[2] size=19, 0 1 2 4 5 7 8 9 10 10 10 10 10 11 12 13 13 15 15
candidates_offset[3] size=19, 0 5 10 15 20 25 30 32 34 36 38 40 42 44 46 50 54 58 60
candidates_offset[4] NULL
Candidates: 
candidates[0] NULL
candidates[1] size=18, 3 4 5 6 8 9 5 8 9 3 4 7 8 9 6 7 8 9
candidates[2] size=15, 8 9 6 8 5 3 5 4 8 5 0 0 0 0 1
candidates[3] size=60, 4 5 6 8 9 3 5 6 8 9 3 4 6 8 9 3 4 5 8 9 3 4 5 6 9 3 4 5 6 8 8 9 5 9 5 8 4 7 3 7 3 4 0 2 0 2 0 1 7 8 0 1 6 8 0 1 6 7 2 5
candidates[4] NULL


Current process: COMPUTE_COUNT 7
Instances: 
instances[0] size=60, 0 0 0 0 0 0 0 0 0 0 0 0 0 0 0 0 0 0 0 0 0 0 0 0 0 0 0 0 0 0 1 1 1 1 1 1 2 2 2 2 2 2 3 3 4 4 5 5 5 5 5 5 5 5 5 5 5 5 7 7
instances[1] size=60, 3 3 3 3 3 4 4 4 4 4 5 5 5 5 5 6 6 6 6 6 8 8 8 8 8 9 9 9 9 9 5 5 8 8 9 9 3 3 4 4 7 7 8 8 9 9 6 6 6 6 7 7 7 7 8 8 8 8 9 9
instances[2] NULL
instances[3] size=60, 4 5 6 8 9 3 5 6 8 9 3 4 6 8 9 3 4 5 8 9 3 4 5 6 9 3 4 5 6 8 8 9 5 9 5 8 4 7 3 7 3 4 0 2 0 2 0 1 7 8 0 1 6 8 0 1 6 7 2 5
instances[4] NULL
CandidatesIndices: 
candidates_index[0] NULL
candidates_index[1] size=18, 0 0 0 0 0 0 1 1 1 2 2 2 3 4 5 5 5 7
candidates_index[2] size=60, 0 1 2 3 4 5 6 7 8 9 10 11 12 13 14 15 16 17 18 19 20 21 22 23 24 25 26 27 28 29 30 31 32 33 34 35 36 37 38 39 40 41 42 43 44 45 46 47 48 49 50 51 52 53 54 55 56 57 58 59
candidates_index[3] size=60, 0 0 0 0 0 1 1 1 1 1 2 2 2 2 2 3 3 3 3 3 4 4 4 4 4 5 5 5 5 5 6 6 7 7 8 8 9 9 10 10 11 11 12 12 13 13 14 14 14 14 15 15 15 15 16 16 16 16 17 17
candidates_index[4] NULL
CandidatesOffsets: 
candidates_offset[0] NULL
candidates_offset[1] size=11, 0 6 9 12 13 14 17 17 18 18 18
candidates_offset[2] size=61, 0 1 2 3 3 4 5 6 7 8 8 10 12 13 14 16 17 18 18 19 20 21 23 24 26 28 29 29 30 31 32 32 33 33 34 34 34 34 34 34 34 34 34 34 35 35 36 36 37 38 39 39 39 39 39 40 41 43 45 45 45
candidates_offset[3] size=19, 0 5 10 15 20 25 30 32 34 36 38 40 42 44 46 50 54 58 60
candidates_offset[4] NULL
Candidates: 
candidates[0] NULL
candidates[1] size=18, 3 4 5 6 8 9 5 8 9 3 4 7 8 9 6 7 8 9
candidates[2] size=45, 8 8 8 8 9 9 9 9 6 8 6 8 8 6 6 8 5 5 5 5 5 3 5 3 3 5 3 5 4 4 4 4 8 5 0 0 0 0 0 1 0 0 1 0 1
candidates[3] size=60, 4 5 6 8 9 3 5 6 8 9 3 4 6 8 9 3 4 5 8 9 3 4 5 6 9 3 4 5 6 8 8 9 5 9 5 8 4 7 3 7 3 4 0 2 0 2 0 1 7 8 0 1 6 8 0 1 6 7 2 5
candidates[4] NULL
finish device 0 match, elapsed_time=5.824000ms
consumer 0 completes match 0
consumer 0 stops
finish total time, elapsed_time=20.858000ms
total count for query 0: 21
-------------------- m8_r8_t32_h2 @ v10_e18_t5 : -p 5 --------------------
m: 8 t: 32 qs: 3 pn: 3 cn: 1
equivalence classes:
0: 0 1 
2: 2 3 
4: 4 
conditions:
0 1
2 3
========= P5 =========
vertex count: 5 edge count: 8
0: 1 2 3 4 
1: 0 2 3 4 
2: 0 1 3 
3: 0 1 2 
4: 0 1 
conditions: 
0: LESS_THAN(1), 
1: LAGER_THAN(0), 
2: LESS_THAN(3), 
3: LAGER_THAN(2), 
4: 
========= Pattern =========
root: 0 hop: 2 degree: 4
search sequence:
0 1 2 3 4 
back connectivity:
0: 
1: 0 
2: 0 1 
3: 0 1 2 
4: 0 1 
compute execute sequence:
(MATERIALIZE,0),(COMPUTE,1),(MATERIALIZE,1),(COMPUTE,2),(MATERIALIZE,2),(COMPUTE,3),(COMPUTE,4),
======= Plan Pattern =======
vertex count: 5 edge count: 8
execute sequence:
(MATERIALIZE,0),(COMPUTE,1),(MATERIALIZE,1),(COMPUTE,2),(MATERIALIZE,2),(COMPUTE,3),(COMPUTE_COUNT,4),
materialized vertices:()
computed_unmaterialized_vertices:()
materialized vertices:(0)
computed_unmaterialized_vertices:()
materialized vertices:(0)
computed_unmaterialized_vertices:(1)
materialized vertices:(0,1)
computed_unmaterialized_vertices:()
materialized vertices:(0,1)
computed_unmaterialized_vertices:(2)
materialized vertices:(0,1,2)
computed_unmaterialized_vertices:()
materialized vertices:(0,1,2)
computed_unmaterialized_vertices:(3)
start read csr bin file....
uintV_size=4,uintE_size=8
vertex_count=10,edge_count=36
finish read csr bin file, elapsed_time=0.025ms
finish loaded view bin partition file, 1 view bins, elapsed_time=0.034000ms
max partitioned sources num: 10
finish view bin buffer, elapsed_time=6180.796000ms
producer 1 gets 0
view bin 0: sources 10 vertices 9 edges 33
finish view bin materialized 0, elapsed_time=11.109000ms
producer 1 produces 0 in 0
available mem: 10854
available mem after: 10854
finish device 0 executor construction, elapsed_time=11.711000ms
consumer 0 gets 0
device 0 transfer view bin 0
available mem for imdata: 10854
finish device 0 memory copy, elapsed_time=0.144000ms
consumer 0 completes transfer 0


Current process: MATERIALIZE 0
Instances: 
instances[0] NULL
instances[1] NULL
instances[2] NULL
instances[3] NULL
instances[4] NULL
CandidatesIndices: 
candidates_index[0] NULL
candidates_index[1] NULL
candidates_index[2] NULL
candidates_index[3] NULL
candidates_index[4] NULL
CandidatesOffsets: 
candidates_offset[0] NULL
candidates_offset[1] NULL
candidates_offset[2] NULL
candidates_offset[3] NULL
candidates_offset[4] NULL
Candidates: 
candidates[0] NULL
candidates[1] NULL
candidates[2] NULL
candidates[3] NULL
candidates[4] NULL


Current process: COMPUTE 1
Instances: 
instances[0] size=10, 0 1 2 3 4 5 6 7 8 9
instances[1] NULL
instances[2] NULL
instances[3] NULL
instances[4] NULL
CandidatesIndices: 
candidates_index[0] NULL
candidates_index[1] NULL
candidates_index[2] NULL
candidates_index[3] NULL
candidates_index[4] NULL
CandidatesOffsets: 
candidates_offset[0] NULL
candidates_offset[1] NULL
candidates_offset[2] NULL
candidates_offset[3] NULL
candidates_offset[4] NULL
Candidates: 
candidates[0] NULL
candidates[1] NULL
candidates[2] NULL
candidates[3] NULL
candidates[4] NULL


Current process: MATERIALIZE 2
Instances: 
instances[0] size=10, 0 1 2 3 4 5 6 7 8 9
instances[1] NULL
instances[2] NULL
instances[3] NULL
instances[4] NULL
CandidatesIndices: 
candidates_index[0] NULL
candidates_index[1] size=10, 0 1 2 3 4 5 6 7 8 9
candidates_index[2] NULL
candidates_index[3] NULL
candidates_index[4] NULL
CandidatesOffsets: 
candidates_offset[0] NULL
candidates_offset[1] size=11, 0 6 9 9 10 11 14 14 15 15 15
candidates_offset[2] NULL
candidates_offset[3] NULL
candidates_offset[4] NULL
Candidates: 
candidates[0] NULL
candidates[1] size=15, 3 4 5 6 8 9 5 8 9 8 9 6 7 8 9
candidates[2] NULL
candidates[3] NULL
candidates[4] NULL


Current process: COMPUTE 3
Instances: 
instances[0] size=15, 0 0 0 0 0 0 1 1 1 3 4 5 5 5 7
instances[1] size=15, 3 4 5 6 8 9 5 8 9 8 9 6 7 8 9
instances[2] NULL
instances[3] NULL
instances[4] NULL
CandidatesIndices: 
candidates_index[0] NULL
candidates_index[1] size=15, 0 0 0 0 0 0 1 1 1 3 4 5 5 5 7
candidates_index[2] NULL
candidates_index[3] NULL
candidates_index[4] NULL
CandidatesOffsets: 
candidates_offset[0] NULL
candidates_offset[1] size=11, 0 6 9 9 10 11 14 14 15 15 15
candidates_offset[2] NULL
candidates_offset[3] NULL
candidates_offset[4] NULL
Candidates: 
candidates[0] NULL
candidates[1] size=15, 3 4 5 6 8 9 5 8 9 8 9 6 7 8 9
candidates[2] NULL
candidates[3] NULL
candidates[4] NULL


Current process: MATERIALIZE 4
Instances: 
instances[0] size=15, 0 0 0 0 0 0 1 1 1 3 4 5 5 5 7
instances[1] size=15, 3 4 5 6 8 9 5 8 9 8 9 6 7 8 9
instances[2] NULL
instances[3] NULL
instances[4] NULL
CandidatesIndices: 
candidates_index[0] NULL
candidates_index[1] size=15, 0 0 0 0 0 0 1 1 1 3 4 5 5 5 7
candidates_index[2] size=15, 0 1 2 3 4 5 6 7 8 9 10 11 12 13 14
candidates_index[3] NULL
candidates_index[4] NULL
CandidatesOffsets: 
candidates_offset[0] NULL
candidates_offset[1] size=11, 0 6 9 9 10 11 14 14 15 15 15
candidates_offset[2] size=16, 0 1 2 4 5 7 8 9 10 10 11 12 13 13 15 15
candidates_offset[3] NULL
candidates_offset[4] NULL
Candidates: 
candidates[0] NULL
candidates[1] size=15, 3 4 5 6 8 9 5 8 9 8 9 6 7 8 9
candidates[2] size=15, 8 9 6 8 5 3 5 4 8 5 0 0 0 0 1
candidates[3] NULL
candidates[4] NULL


Current process: COMPUTE 5
Instances: 
instances[0] size=15, 0 0 0 0 0 0 0 0 1 1 3 4 5 5 5
instances[1] size=15, 3 4 5 5 6 8 8 9 5 8 8 9 6 8 8
instances[2] size=15, 8 9 6 8 5 3 5 4 8 5 0 0 0 0 1
instances[3] NULL
instances[4] NULL
CandidatesIndices: 
candidates_index[0] NULL
candidates_index[1] size=15, 0 0 0 0 0 0 1 1 1 3 4 5 5 5 7
candidates_index[2] size=15, 0 1 2 2 3 4 4 5 6 7 9 10 11 13 13
candidates_index[3] NULL
candidates_index[4] NULL
CandidatesOffsets: 
candidates_offset[0] NULL
candidates_offset[1] size=11, 0 6 9 9 10 11 14 14 15 15 15
candidates_offset[2] size=16, 0 1 2 4 5 7 8 9 10 10 11 12 13 13 15 15
candidates_offset[3] NULL
candidates_offset[4] NULL
Candidates: 
candidates[0] NULL
candidates[1] size=15, 3 4 5 6 8 9 5 8 9 8 9 6 7 8 9
candidates[2] size=15, 8 9 6 8 5 3 5 4 8 5 0 0 0 0 1
candidates[3] NULL
candidates[4] NULL
finish device 0 match, elapsed_time=6.089000ms
consumer 0 completes match 0
consumer 0 stops
finish total time, elapsed_time=18.432000ms
total count for query 0: 0
