-------------------- m8_r8_t32_h2 @ v10_e26_t25 : -p 0 --------------------
m: 8 t: 32 qs: 3 pn: 3 cn: 1
equivalence classes:
0: 0 1 2 
conditions:
0 1
0 2
1 2
========= P0 =========
vertex count: 3 edge count: 3
0: 1 2 
1: 0 2 
2: 0 1 
conditions: 
0: LESS_THAN(1), LESS_THAN(2), 
1: LAGER_THAN(0), LESS_THAN(2), 
2: LAGER_THAN(0), LAGER_THAN(1), 
========= Pattern =========
root: 0 hop: 2 degree: 2
search sequence:
0 1 2 
back connectivity:
0: 
1: 0 
2: 0 1 
compute execute sequence:
(MATERIALIZE,0),(COMPUTE,1),(MATERIALIZE,1),(COMPUTE,2),
======= Plan Pattern =======
vertex count: 3 edge count: 3
execute sequence:
(MATERIALIZE,0),(COMPUTE,1),(MATERIALIZE,1),(COMPUTE_COUNT,2),
materialized vertices:()
computed_unmaterialized_vertices:()
materialized vertices:(0)
computed_unmaterialized_vertices:()
materialized vertices:(0)
computed_unmaterialized_vertices:(1)
materialized vertices:(0,1)
computed_unmaterialized_vertices:()
start read csr bin file....
uintV_size=4,uintE_size=8
vertex_count=10,edge_count=52
finish read csr bin file, elapsed_time=0.026ms
finish loaded view bin partition file, 1 view bins, elapsed_time=0.042000ms
max partitioned sources num: 10
finish view bin buffer, elapsed_time=7319.210000ms
producer 1 gets 0
view bin 0: sources 10 vertices 10 edges 52
finish view bin materialized 0, elapsed_time=8.963000ms
producer 1 produces 0 in 0
available mem: 10854
available mem after: 10854
finish device 0 executor construction, elapsed_time=13.327000ms
consumer 0 gets 0
device 0 transfer view bin 0
available mem for imdata: 10854
finish device 0 memory copy, elapsed_time=0.095000ms
consumer 0 completes transfer 0


Current process: MATERIALIZE 0
Instances: 
instances[0] NULL
instances[1] NULL
instances[2] NULL
CandidatesIndices: 
candidates_index[0] NULL
candidates_index[1] NULL
candidates_index[2] NULL
CandidatesOffsets: 
candidates_offset[0] NULL
candidates_offset[1] NULL
candidates_offset[2] NULL
Candidates: 
candidates[0] NULL
candidates[1] NULL
candidates[2] NULL


Current process: COMPUTE 1
Instances: 
instances[0] size=10, 0 1 2 3 4 5 6 7 8 9
instances[1] NULL
instances[2] NULL
CandidatesIndices: 
candidates_index[0] NULL
candidates_index[1] NULL
candidates_index[2] NULL
CandidatesOffsets: 
candidates_offset[0] NULL
candidates_offset[1] NULL
candidates_offset[2] NULL
Candidates: 
candidates[0] NULL
candidates[1] NULL
candidates[2] NULL


Current process: MATERIALIZE 1
Instances: 
instances[0] size=10, 0 1 2 3 4 5 6 7 8 9
instances[1] NULL
instances[2] NULL
CandidatesIndices: 
candidates_index[0] NULL
candidates_index[1] size=10, 0 1 2 3 4 5 6 7 8 9
candidates_index[2] NULL
CandidatesOffsets: 
candidates_offset[0] NULL
candidates_offset[1] size=11, 0 8 11 16 19 21 23 25 25 26 26
candidates_offset[2] NULL
Candidates: 
candidates[0] NULL
candidates[1] size=26, 1 2 3 4 5 6 7 8 3 4 5 3 6 7 8 9 6 8 9 8 9 6 8 8 9 9
candidates[2] NULL


Current process: COMPUTE_COUNT 2
Instances: 
instances[0] size=26, 0 0 0 0 0 0 0 0 1 1 1 2 2 2 2 2 3 3 3 4 4 5 5 6 6 8
instances[1] size=26, 1 2 3 4 5 6 7 8 3 4 5 3 6 7 8 9 6 8 9 8 9 6 8 8 9 9
instances[2] NULL
CandidatesIndices: 
candidates_index[0] NULL
candidates_index[1] size=26, 0 0 0 0 0 0 0 0 1 1 1 2 2 2 2 2 3 3 3 4 4 5 5 6 6 8
candidates_index[2] NULL
CandidatesOffsets: 
candidates_offset[0] NULL
candidates_offset[1] size=11, 0 8 11 16 19 21 23 25 25 26 26
candidates_offset[2] NULL
Candidates: 
candidates[0] NULL
candidates[1] size=26, 1 2 3 4 5 6 7 8 3 4 5 3 6 7 8 9 6 8 9 8 9 6 8 8 9 9
candidates[2] NULL
finish device 0 match, elapsed_time=6.220000ms
consumer 0 completes match 0
consumer 0 stops
finish total time, elapsed_time=20.103000ms
total count for query 0: 25
-------------------- m8_r8_t32_h2 @ v10_e26_t25 : -p 2 --------------------
m: 8 t: 32 qs: 3 pn: 3 cn: 1
equivalence classes:
0: 0 1 
2: 2 3 
conditions:
0 1
2 3
========= P2 =========
vertex count: 4 edge count: 5
0: 1 2 3 
1: 0 2 3 
2: 0 1 
3: 0 1 
conditions: 
0: LESS_THAN(1), 
1: LAGER_THAN(0), 
2: LESS_THAN(3), 
3: LAGER_THAN(2), 
========= Pattern =========
root: 0 hop: 2 degree: 3
search sequence:
0 1 2 3 
back connectivity:
0: 
1: 0 
2: 0 1 
3: 0 1 
compute execute sequence:
(MATERIALIZE,0),(COMPUTE,1),(MATERIALIZE,1),(COMPUTE,2),(COMPUTE,3),
======= Plan Pattern =======
vertex count: 4 edge count: 5
execute sequence:
(MATERIALIZE,0),(COMPUTE,1),(MATERIALIZE,1),(COMPUTE,2),(COMPUTE_COUNT,3),
materialized vertices:()
computed_unmaterialized_vertices:()
materialized vertices:(0)
computed_unmaterialized_vertices:()
materialized vertices:(0)
computed_unmaterialized_vertices:(1)
materialized vertices:(0,1)
computed_unmaterialized_vertices:()
materialized vertices:(0,1)
computed_unmaterialized_vertices:(2)
start read csr bin file....
uintV_size=4,uintE_size=8
vertex_count=10,edge_count=52
finish read csr bin file, elapsed_time=0.037ms
finish loaded view bin partition file, 1 view bins, elapsed_time=0.046000ms
max partitioned sources num: 10
finish view bin buffer, elapsed_time=7124.479000ms
producer 0 gets 0
view bin 0: sources 10 vertices 10 edges 52
finish view bin materialized 0, elapsed_time=7.120000ms
producer 0 produces 0 in 0
available mem: 10854
available mem after: 10854
finish device 0 executor construction, elapsed_time=12.911000ms
consumer 0 gets 0
device 0 transfer view bin 0
available mem for imdata: 10854
finish device 0 memory copy, elapsed_time=0.049000ms
consumer 0 completes transfer 0


Current process: MATERIALIZE 0
Instances: 
instances[0] NULL
instances[1] NULL
instances[2] NULL
instances[3] NULL
CandidatesIndices: 
candidates_index[0] NULL
candidates_index[1] NULL
candidates_index[2] NULL
candidates_index[3] NULL
CandidatesOffsets: 
candidates_offset[0] NULL
candidates_offset[1] NULL
candidates_offset[2] NULL
candidates_offset[3] NULL
Candidates: 
candidates[0] NULL
candidates[1] NULL
candidates[2] NULL
candidates[3] NULL


Current process: COMPUTE 1
Instances: 
instances[0] size=10, 0 1 2 3 4 5 6 7 8 9
instances[1] NULL
instances[2] NULL
instances[3] NULL
CandidatesIndices: 
candidates_index[0] NULL
candidates_index[1] NULL
candidates_index[2] NULL
candidates_index[3] NULL
CandidatesOffsets: 
candidates_offset[0] NULL
candidates_offset[1] NULL
candidates_offset[2] NULL
candidates_offset[3] NULL
Candidates: 
candidates[0] NULL
candidates[1] NULL
candidates[2] NULL
candidates[3] NULL


Current process: MATERIALIZE 1
Instances: 
instances[0] size=10, 0 1 2 3 4 5 6 7 8 9
instances[1] NULL
instances[2] NULL
instances[3] NULL
CandidatesIndices: 
candidates_index[0] NULL
candidates_index[1] size=10, 0 1 2 3 4 5 6 7 8 9
candidates_index[2] NULL
candidates_index[3] NULL
CandidatesOffsets: 
candidates_offset[0] NULL
candidates_offset[1] size=11, 0 8 11 16 19 21 23 25 25 26 26
candidates_offset[2] NULL
candidates_offset[3] NULL
Candidates: 
candidates[0] NULL
candidates[1] size=26, 1 2 3 4 5 6 7 8 3 4 5 3 6 7 8 9 6 8 9 8 9 6 8 8 9 9
candidates[2] NULL
candidates[3] NULL


Current process: COMPUTE 2
Instances: 
instances[0] size=26, 0 0 0 0 0 0 0 0 1 1 1 2 2 2 2 2 3 3 3 4 4 5 5 6 6 8
instances[1] size=26, 1 2 3 4 5 6 7 8 3 4 5 3 6 7 8 9 6 8 9 8 9 6 8 8 9 9
instances[2] NULL
instances[3] NULL
CandidatesIndices: 
candidates_index[0] NULL
candidates_index[1] size=26, 0 0 0 0 0 0 0 0 1 1 1 2 2 2 2 2 3 3 3 4 4 5 5 6 6 8
candidates_index[2] NULL
candidates_index[3] NULL
CandidatesOffsets: 
candidates_offset[0] NULL
candidates_offset[1] size=11, 0 8 11 16 19 21 23 25 25 26 26
candidates_offset[2] NULL
candidates_offset[3] NULL
Candidates: 
candidates[0] NULL
candidates[1] size=26, 1 2 3 4 5 6 7 8 3 4 5 3 6 7 8 9 6 8 9 8 9 6 8 8 9 9
candidates[2] NULL
candidates[3] NULL


Current process: COMPUTE_COUNT 3
Instances: 
instances[0] size=26, 0 0 0 0 0 0 0 0 1 1 1 2 2 2 2 2 3 3 3 4 4 5 5 6 6 8
instances[1] size=26, 1 2 3 4 5 6 7 8 3 4 5 3 6 7 8 9 6 8 9 8 9 6 8 8 9 9
instances[2] NULL
instances[3] NULL
CandidatesIndices: 
candidates_index[0] NULL
candidates_index[1] size=26, 0 0 0 0 0 0 0 0 1 1 1 2 2 2 2 2 3 3 3 4 4 5 5 6 6 8
candidates_index[2] size=26, 0 1 2 3 4 5 6 7 8 9 10 11 12 13 14 15 16 17 18 19 20 21 22 23 24 25
candidates_index[3] NULL
CandidatesOffsets: 
candidates_offset[0] NULL
candidates_offset[1] size=11, 0 8 11 16 19 21 23 25 25 26 26
candidates_offset[2] size=27, 0 3 7 11 13 16 20 21 26 27 28 29 33 37 38 42 45 49 53 56 58 59 61 63 68 71 75
candidates_offset[3] NULL
Candidates: 
candidates[0] NULL
candidates[1] size=26, 1 2 3 4 5 6 7 8 3 4 5 3 6 7 8 9 6 8 9 8 9 6 8 8 9 9
candidates[2] size=75, 3 4 5 3 6 7 8 1 2 6 8 1 8 1 6 8 2 3 5 8 2 2 3 4 5 6 0 0 0 0 6 8 9 0 3 8 9 0 0 3 6 9 3 6 8 0 2 8 9 0 2 6 9 2 6 8 0 9 8 0 8 0 6 0 2 3 5 9 2 3 8 2 3 4 6
candidates[3] NULL
finish device 0 match, elapsed_time=4.639000ms
consumer 0 completes match 0
consumer 0 stops
finish total time, elapsed_time=18.211000ms
total count for query 0: 93
-------------------- m8_r8_t32_h2 @ v10_e26_t25 : -p 4 --------------------
m: 8 t: 32 qs: 3 pn: 3 cn: 1
equivalence classes:
0: 0 1 
2: 2 
3: 3 4 
conditions:
0 1
========= P4 =========
vertex count: 5 edge count: 6
0: 1 2 3 
1: 0 2 4 
2: 0 1 
3: 0 4 
4: 1 3 
conditions: 
0: LESS_THAN(1), 
1: LAGER_THAN(0), 
2: 
3: 
4: 
========= Pattern =========
root: 0 hop: 2 degree: 3
search sequence:
0 1 2 3 4 
back connectivity:
0: 
1: 0 
2: 0 1 
3: 0 
4: 1 3 
compute execute sequence:
(MATERIALIZE,0),(COMPUTE,1),(MATERIALIZE,1),(COMPUTE,2),(COMPUTE,3),(MATERIALIZE,3),(COMPUTE,4),
======= Plan Pattern =======
vertex count: 5 edge count: 6
execute sequence:
(MATERIALIZE,0),(COMPUTE,1),(MATERIALIZE,1),(COMPUTE,2),(COMPUTE,3),(MATERIALIZE,3),(FILTER_COMPUTE,2),(COMPUTE_COUNT,4),
materialized vertices:()
computed_unmaterialized_vertices:()
materialized vertices:(0)
computed_unmaterialized_vertices:()
materialized vertices:(0)
computed_unmaterialized_vertices:(1)
materialized vertices:(0,1)
computed_unmaterialized_vertices:()
materialized vertices:(0,1)
computed_unmaterialized_vertices:(2)
materialized vertices:(0,1)
computed_unmaterialized_vertices:(2,3)
materialized vertices:(0,1,3)
computed_unmaterialized_vertices:(2)
materialized vertices:(0,1,3)
computed_unmaterialized_vertices:(2)
start read csr bin file....
uintV_size=4,uintE_size=8
vertex_count=10,edge_count=52
finish read csr bin file, elapsed_time=0.027ms
finish loaded view bin partition file, 1 view bins, elapsed_time=0.032000ms
max partitioned sources num: 10
finish view bin buffer, elapsed_time=6377.169000ms
producer 2 gets 0
available mem: 10854
available mem after: 10854
finish device 0 executor construction, elapsed_time=11.366000ms
view bin 0: sources 10 vertices 10 edges 52
finish view bin materialized 0, elapsed_time=11.888000ms
producer 2 produces 0 in 0
consumer 0 gets 0
device 0 transfer view bin 0
available mem for imdata: 10854
finish device 0 memory copy, elapsed_time=0.112000ms
consumer 0 completes transfer 0


Current process: MATERIALIZE 0
Instances: 
instances[0] NULL
instances[1] NULL
instances[2] NULL
instances[3] NULL
instances[4] NULL
CandidatesIndices: 
candidates_index[0] NULL
candidates_index[1] NULL
candidates_index[2] NULL
candidates_index[3] NULL
candidates_index[4] NULL
CandidatesOffsets: 
candidates_offset[0] NULL
candidates_offset[1] NULL
candidates_offset[2] NULL
candidates_offset[3] NULL
candidates_offset[4] NULL
Candidates: 
candidates[0] NULL
candidates[1] NULL
candidates[2] NULL
candidates[3] NULL
candidates[4] NULL


Current process: COMPUTE 1
Instances: 
instances[0] size=10, 0 1 2 3 4 5 6 7 8 9
instances[1] NULL
instances[2] NULL
instances[3] NULL
instances[4] NULL
CandidatesIndices: 
candidates_index[0] NULL
candidates_index[1] NULL
candidates_index[2] NULL
candidates_index[3] NULL
candidates_index[4] NULL
CandidatesOffsets: 
candidates_offset[0] NULL
candidates_offset[1] NULL
candidates_offset[2] NULL
candidates_offset[3] NULL
candidates_offset[4] NULL
Candidates: 
candidates[0] NULL
candidates[1] NULL
candidates[2] NULL
candidates[3] NULL
candidates[4] NULL


Current process: MATERIALIZE 1
Instances: 
instances[0] size=10, 0 1 2 3 4 5 6 7 8 9
instances[1] NULL
instances[2] NULL
instances[3] NULL
instances[4] NULL
CandidatesIndices: 
candidates_index[0] NULL
candidates_index[1] size=10, 0 1 2 3 4 5 6 7 8 9
candidates_index[2] NULL
candidates_index[3] NULL
candidates_index[4] NULL
CandidatesOffsets: 
candidates_offset[0] NULL
candidates_offset[1] size=11, 0 8 11 16 19 21 23 25 25 26 26
candidates_offset[2] NULL
candidates_offset[3] NULL
candidates_offset[4] NULL
Candidates: 
candidates[0] NULL
candidates[1] size=26, 1 2 3 4 5 6 7 8 3 4 5 3 6 7 8 9 6 8 9 8 9 6 8 8 9 9
candidates[2] NULL
candidates[3] NULL
candidates[4] NULL


Current process: COMPUTE 2
Instances: 
instances[0] size=26, 0 0 0 0 0 0 0 0 1 1 1 2 2 2 2 2 3 3 3 4 4 5 5 6 6 8
instances[1] size=26, 1 2 3 4 5 6 7 8 3 4 5 3 6 7 8 9 6 8 9 8 9 6 8 8 9 9
instances[2] NULL
instances[3] NULL
instances[4] NULL
CandidatesIndices: 
candidates_index[0] NULL
candidates_index[1] size=26, 0 0 0 0 0 0 0 0 1 1 1 2 2 2 2 2 3 3 3 4 4 5 5 6 6 8
candidates_index[2] NULL
candidates_index[3] NULL
candidates_index[4] NULL
CandidatesOffsets: 
candidates_offset[0] NULL
candidates_offset[1] size=11, 0 8 11 16 19 21 23 25 25 26 26
candidates_offset[2] NULL
candidates_offset[3] NULL
candidates_offset[4] NULL
Candidates: 
candidates[0] NULL
candidates[1] size=26, 1 2 3 4 5 6 7 8 3 4 5 3 6 7 8 9 6 8 9 8 9 6 8 8 9 9
candidates[2] NULL
candidates[3] NULL
candidates[4] NULL


Current process: COMPUTE 3
Instances: 
instances[0] size=26, 0 0 0 0 0 0 0 0 1 1 1 2 2 2 2 2 3 3 3 4 4 5 5 6 6 8
instances[1] size=26, 1 2 3 4 5 6 7 8 3 4 5 3 6 7 8 9 6 8 9 8 9 6 8 8 9 9
instances[2] NULL
instances[3] NULL
instances[4] NULL
CandidatesIndices: 
candidates_index[0] NULL
candidates_index[1] size=26, 0 0 0 0 0 0 0 0 1 1 1 2 2 2 2 2 3 3 3 4 4 5 5 6 6 8
candidates_index[2] size=26, 0 1 2 3 4 5 6 7 8 9 10 11 12 13 14 15 16 17 18 19 20 21 22 23 24 25
candidates_index[3] NULL
candidates_index[4] NULL
CandidatesOffsets: 
candidates_offset[0] NULL
candidates_offset[1] size=11, 0 8 11 16 19 21 23 25 25 26 26
candidates_offset[2] size=27, 0 3 7 11 13 16 20 21 26 27 28 29 33 37 38 42 45 49 53 56 58 59 61 63 68 71 75
candidates_offset[3] NULL
candidates_offset[4] NULL
Candidates: 
candidates[0] NULL
candidates[1] size=26, 1 2 3 4 5 6 7 8 3 4 5 3 6 7 8 9 6 8 9 8 9 6 8 8 9 9
candidates[2] size=75, 3 4 5 3 6 7 8 1 2 6 8 1 8 1 6 8 2 3 5 8 2 2 3 4 5 6 0 0 0 0 6 8 9 0 3 8 9 0 0 3 6 9 3 6 8 0 2 8 9 0 2 6 9 2 6 8 0 9 8 0 8 0 6 0 2 3 5 9 2 3 8 2 3 4 6
candidates[3] NULL
candidates[4] NULL


Current process: MATERIALIZE 3
Instances: 
instances[0] size=26, 0 0 0 0 0 0 0 0 1 1 1 2 2 2 2 2 3 3 3 4 4 5 5 6 6 8
instances[1] size=26, 1 2 3 4 5 6 7 8 3 4 5 3 6 7 8 9 6 8 9 8 9 6 8 8 9 9
instances[2] NULL
instances[3] NULL
instances[4] NULL
CandidatesIndices: 
candidates_index[0] NULL
candidates_index[1] size=26, 0 0 0 0 0 0 0 0 1 1 1 2 2 2 2 2 3 3 3 4 4 5 5 6 6 8
candidates_index[2] size=26, 0 1 2 3 4 5 6 7 8 9 10 11 12 13 14 15 16 17 18 19 20 21 22 23 24 25
candidates_index[3] size=26, 0 1 2 3 4 5 6 7 8 9 10 11 12 13 14 15 16 17 18 19 20 21 22 23 24 25
candidates_index[4] NULL
CandidatesOffsets: 
candidates_offset[0] NULL
candidates_offset[1] size=11, 0 8 11 16 19 21 23 25 25 26 26
candidates_offset[2] size=27, 0 3 7 11 13 16 20 21 26 27 28 29 33 37 38 42 45 49 53 56 58 59 61 63 68 71 75
candidates_offset[3] size=27, 0 7 14 21 28 35 42 49 56 59 62 65 70 75 80 85 90 95 100 105 108 111 114 117 122 127 133
candidates_offset[4] NULL
Candidates: 
candidates[0] NULL
candidates[1] size=26, 1 2 3 4 5 6 7 8 3 4 5 3 6 7 8 9 6 8 9 8 9 6 8 8 9 9
candidates[2] size=75, 3 4 5 3 6 7 8 1 2 6 8 1 8 1 6 8 2 3 5 8 2 2 3 4 5 6 0 0 0 0 6 8 9 0 3 8 9 0 0 3 6 9 3 6 8 0 2 8 9 0 2 6 9 2 6 8 0 9 8 0 8 0 6 0 2 3 5 9 2 3 8 2 3 4 6
candidates[3] size=133, 2 3 4 5 6 7 8 1 3 4 5 6 7 8 1 2 4 5 6 7 8 1 2 3 5 6 7 8 1 2 3 4 6 7 8 1 2 3 4 5 7 8 1 2 3 4 5 6 8 1 2 3 4 5 6 7 0 4 5 0 3 5 0 3 4 0 6 7 8 9 0 3 7 8 9 0 3 6 8 9 0 3 6 7 9 0 3 6 7 8 0 1 2 8 9 0 1 2 6 9 0 1 2 6 8 0 1 9 0 1 8 0 1 8 0 1 6 0 2 3 5 9 0 2 3 5 8 0 2 3 4 5 6
candidates[4] NULL


Current process: FILTER_COMPUTE 2
Instances: 
instances[0] size=133, 0 0 0 0 0 0 0 0 0 0 0 0 0 0 0 0 0 0 0 0 0 0 0 0 0 0 0 0 0 0 0 0 0 0 0 0 0 0 0 0 0 0 0 0 0 0 0 0 0 0 0 0 0 0 0 0 1 1 1 1 1 1 1 1 1 2 2 2 2 2 2 2 2 2 2 2 2 2 2 2 2 2 2 2 2 2 2 2 2 2 3 3 3 3 3 3 3 3 3 3 3 3 3 3 3 4 4 4 4 4 4 5 5 5 5 5 5 6 6 6 6 6 6 6 6 6 6 8 8 8 8 8 8
instances[1] size=133, 1 1 1 1 1 1 1 2 2 2 2 2 2 2 3 3 3 3 3 3 3 4 4 4 4 4 4 4 5 5 5 5 5 5 5 6 6 6 6 6 6 6 7 7 7 7 7 7 7 8 8 8 8 8 8 8 3 3 3 4 4 4 5 5 5 3 3 3 3 3 6 6 6 6 6 7 7 7 7 7 8 8 8 8 8 9 9 9 9 9 6 6 6 6 6 8 8 8 8 8 9 9 9 9 9 8 8 8 9 9 9 6 6 6 8 8 8 8 8 8 8 8 9 9 9 9 9 9 9 9 9 9 9
instances[2] NULL
instances[3] size=133, 2 3 4 5 6 7 8 1 3 4 5 6 7 8 1 2 4 5 6 7 8 1 2 3 5 6 7 8 1 2 3 4 6 7 8 1 2 3 4 5 7 8 1 2 3 4 5 6 8 1 2 3 4 5 6 7 0 4 5 0 3 5 0 3 4 0 6 7 8 9 0 3 7 8 9 0 3 6 8 9 0 3 6 7 9 0 3 6 7 8 0 1 2 8 9 0 1 2 6 9 0 1 2 6 8 0 1 9 0 1 8 0 1 8 0 1 6 0 2 3 5 9 0 2 3 5 8 0 2 3 4 5 6
instances[4] NULL
CandidatesIndices: 
candidates_index[0] NULL
candidates_index[1] size=26, 0 0 0 0 0 0 0 0 1 1 1 2 2 2 2 2 3 3 3 4 4 5 5 6 6 8
candidates_index[2] size=133, 0 0 0 0 0 0 0 1 1 1 1 1 1 1 2 2 2 2 2 2 2 3 3 3 3 3 3 3 4 4 4 4 4 4 4 5 5 5 5 5 5 5 6 6 6 6 6 6 6 7 7 7 7 7 7 7 8 8 8 9 9 9 10 10 10 11 11 11 11 11 12 12 12 12 12 13 13 13 13 13 14 14 14 14 14 15 15 15 15 15 16 16 16 16 16 17 17 17 17 17 18 18 18 18 18 19 19 19 20 20 20 21 21 21 22 22 22 23 23 23 23 23 24 24 24 24 24 25 25 25 25 25 25
candidates_index[3] size=133, 0 0 0 0 0 0 0 1 1 1 1 1 1 1 2 2 2 2 2 2 2 3 3 3 3 3 3 3 4 4 4 4 4 4 4 5 5 5 5 5 5 5 6 6 6 6 6 6 6 7 7 7 7 7 7 7 8 8 8 9 9 9 10 10 10 11 11 11 11 11 12 12 12 12 12 13 13 13 13 13 14 14 14 14 14 15 15 15 15 15 16 16 16 16 16 17 17 17 17 17 18 18 18 18 18 19 19 19 20 20 20 21 21 21 22 22 22 23 23 23 23 23 24 24 24 24 24 25 25 25 25 25 25
candidates_index[4] NULL
CandidatesOffsets: 
candidates_offset[0] NULL
candidates_offset[1] size=11, 0 8 11 16 19 21 23 25 25 26 26
candidates_offset[2] size=27, 0 3 7 11 13 16 20 21 26 27 28 29 33 37 38 42 45 49 53 56 58 59 61 63 68 71 75
candidates_offset[3] size=27, 0 7 14 21 28 35 42 49 56 59 62 65 70 75 80 85 90 95 100 105 108 111 114 117 122 127 133
candidates_offset[4] NULL
Candidates: 
candidates[0] NULL
candidates[1] size=26, 1 2 3 4 5 6 7 8 3 4 5 3 6 7 8 9 6 8 9 8 9 6 8 8 9 9
candidates[2] size=75, 3 4 5 3 6 7 8 1 2 6 8 1 8 1 6 8 2 3 5 8 2 2 3 4 5 6 0 0 0 0 6 8 9 0 3 8 9 0 0 3 6 9 3 6 8 0 2 8 9 0 2 6 9 2 6 8 0 9 8 0 8 0 6 0 2 3 5 9 2 3 8 2 3 4 6
candidates[3] size=133, 2 3 4 5 6 7 8 1 3 4 5 6 7 8 1 2 4 5 6 7 8 1 2 3 5 6 7 8 1 2 3 4 6 7 8 1 2 3 4 5 7 8 1 2 3 4 5 6 8 1 2 3 4 5 6 7 0 4 5 0 3 5 0 3 4 0 6 7 8 9 0 3 7 8 9 0 3 6 8 9 0 3 6 7 9 0 3 6 7 8 0 1 2 8 9 0 1 2 6 9 0 1 2 6 8 0 1 9 0 1 8 0 1 8 0 1 6 0 2 3 5 9 0 2 3 5 8 0 2 3 4 5 6
candidates[4] NULL


Current process: COMPUTE_COUNT 4
Instances: 
instances[0] size=133, 0 0 0 0 0 0 0 0 0 0 0 0 0 0 0 0 0 0 0 0 0 0 0 0 0 0 0 0 0 0 0 0 0 0 0 0 0 0 0 0 0 0 0 0 0 0 0 0 0 0 0 0 0 0 0 0 1 1 1 1 1 1 1 1 1 2 2 2 2 2 2 2 2 2 2 2 2 2 2 2 2 2 2 2 2 2 2 2 2 2 3 3 3 3 3 3 3 3 3 3 3 3 3 3 3 4 4 4 4 4 4 5 5 5 5 5 5 6 6 6 6 6 6 6 6 6 6 8 8 8 8 8 8
instances[1] size=133, 1 1 1 1 1 1 1 2 2 2 2 2 2 2 3 3 3 3 3 3 3 4 4 4 4 4 4 4 5 5 5 5 5 5 5 6 6 6 6 6 6 6 7 7 7 7 7 7 7 8 8 8 8 8 8 8 3 3 3 4 4 4 5 5 5 3 3 3 3 3 6 6 6 6 6 7 7 7 7 7 8 8 8 8 8 9 9 9 9 9 6 6 6 6 6 8 8 8 8 8 9 9 9 9 9 8 8 8 9 9 9 6 6 6 8 8 8 8 8 8 8 8 9 9 9 9 9 9 9 9 9 9 9
instances[2] NULL
instances[3] size=133, 2 3 4 5 6 7 8 1 3 4 5 6 7 8 1 2 4 5 6 7 8 1 2 3 5 6 7 8 1 2 3 4 6 7 8 1 2 3 4 5 7 8 1 2 3 4 5 6 8 1 2 3 4 5 6 7 0 4 5 0 3 5 0 3 4 0 6 7 8 9 0 3 7 8 9 0 3 6 8 9 0 3 6 7 9 0 3 6 7 8 0 1 2 8 9 0 1 2 6 9 0 1 2 6 8 0 1 9 0 1 8 0 1 8 0 1 6 0 2 3 5 9 0 2 3 5 8 0 2 3 4 5 6
instances[4] NULL
CandidatesIndices: 
candidates_index[0] NULL
candidates_index[1] size=26, 0 0 0 0 0 0 0 0 1 1 1 2 2 2 2 2 3 3 3 4 4 5 5 6 6 8
candidates_index[2] size=133, 0 1 2 3 4 5 6 7 8 9 10 11 12 13 14 15 16 17 18 19 20 21 22 23 24 25 26 27 28 29 30 31 32 33 34 35 36 37 38 39 40 41 42 43 44 45 46 47 48 49 50 51 52 53 54 55 56 57 58 59 60 61 62 63 64 65 66 67 68 69 70 71 72 73 74 75 76 77 78 79 80 81 82 83 84 85 86 87 88 89 90 91 92 93 94 95 96 97 98 99 100 101 102 103 104 105 106 107 108 109 110 111 112 113 114 115 116 117 118 119 120 121 122 123 124 125 126 127 128 129 130 131 132
candidates_index[3] size=133, 0 0 0 0 0 0 0 1 1 1 1 1 1 1 2 2 2 2 2 2 2 3 3 3 3 3 3 3 4 4 4 4 4 4 4 5 5 5 5 5 5 5 6 6 6 6 6 6 6 7 7 7 7 7 7 7 8 8 8 9 9 9 10 10 10 11 11 11 11 11 12 12 12 12 12 13 13 13 13 13 14 14 14 14 14 15 15 15 15 15 16 16 16 16 16 17 17 17 17 17 18 18 18 18 18 19 19 19 20 20 20 21 21 21 22 22 22 23 23 23 23 23 24 24 24 24 24 25 25 25 25 25 25
candidates_index[4] NULL
CandidatesOffsets: 
candidates_offset[0] NULL
candidates_offset[1] size=11, 0 8 11 16 19 21 23 25 25 26 26
candidates_offset[2] size=134, 0 3 5 7 9 12 15 18 22 25 29 33 36 39 42 45 48 52 56 59 63 66 67 69 71 73 75 77 78 80 83 86 89 91 94 96 100 103 106 110 113 117 120 121 121 122 123 124 125 126 131 135 139 143 147 151 156 156 157 158 158 159 160 160 161 162 165 168 172 175 178 181 184 188 191 194 194 195 196 197 198 201 204 207 211 214 217 219 221 224 226 229 233 236 239 242 245 249 252 255 258 261 264 266 268 270 271 273 274 275 276 276 277 279 280 281 283 284 288 292 296 300 304 307 309 311 314 316 320 323 326 329 333 336
candidates_offset[3] size=27, 0 7 14 21 28 35 42 49 56 59 62 65 70 75 80 85 90 95 100 105 108 111 114 117 122 127 133
candidates_offset[4] NULL
Candidates: 
candidates[0] NULL
candidates[1] size=26, 1 2 3 4 5 6 7 8 3 4 5 3 6 7 8 9 6 8 9 8 9 6 8 8 9 9
candidates[2] size=336, 3 4 5 4 5 3 5 3 4 3 4 5 3 4 5 3 4 5 3 6 7 8 6 7 8 3 6 7 8 3 6 7 8 3 7 8 3 6 8 3 6 7 2 6 8 1 6 8 1 2 6 8 1 2 6 8 1 2 8 1 2 6 8 1 2 6 8 1 8 1 8 1 8 1 8 1 8 1 6 8 1 6 8 1 6 8 1 6 8 1 8 1 6 8 1 6 2 3 5 8 3 5 8 2 5 8 2 3 5 8 2 3 8 2 3 5 8 2 3 5 2 2 2 2 2 2 2 3 4 5 6 3 4 5 6 2 4 5 6 2 3 5 6 2 3 4 6 2 3 4 5 2 3 4 5 6 0 0 0 0 0 0 6 8 9 0 8 9 0 6 8 9 0 6 9 0 6 8 3 8 9 0 8 9 0 3 8 9 0 3 9 0 3 8 0 0 0 0 3 6 9 0 6 9 0 3 9 0 3 6 9 0 3 6 3 6 8 6 8 3 8 3 6 8 3 6 2 8 9 0 2 8 9 0 8 9 0 2 9 0 2 8 2 6 9 0 2 6 9 0 6 9 0 2 9 0 2 6 2 6 8 2 6 8 6 8 2 8 2 6 9 0 9 0 8 8 8 0 8 0 6 0 6 0 2 3 5 9 0 3 5 9 0 2 5 9 0 2 3 9 0 2 3 5 2 3 8 3 8 2 8 2 3 8 2 3 2 3 4 6 3 4 6 2 4 6 2 3 6 2 3 4 6 2 3 4
candidates[3] size=133, 2 3 4 5 6 7 8 1 3 4 5 6 7 8 1 2 4 5 6 7 8 1 2 3 5 6 7 8 1 2 3 4 6 7 8 1 2 3 4 5 7 8 1 2 3 4 5 6 8 1 2 3 4 5 6 7 0 4 5 0 3 5 0 3 4 0 6 7 8 9 0 3 7 8 9 0 3 6 8 9 0 3 6 7 9 0 3 6 7 8 0 1 2 8 9 0 1 2 6 9 0 1 2 6 8 0 1 9 0 1 8 0 1 8 0 1 6 0 2 3 5 9 0 2 3 5 8 0 2 3 4 5 6
candidates[4] NULL
finish device 0 match, elapsed_time=9.547000ms
consumer 0 completes match 0
consumer 0 stops
finish total time, elapsed_time=21.979000ms
total count for query 0: 556
-------------------- m8_r8_t32_h2 @ v10_e26_t25 : -p 5 --------------------
m: 8 t: 32 qs: 3 pn: 3 cn: 1
equivalence classes:
0: 0 1 
2: 2 3 
4: 4 
conditions:
0 1
2 3
========= P5 =========
vertex count: 5 edge count: 8
0: 1 2 3 4 
1: 0 2 3 4 
2: 0 1 3 
3: 0 1 2 
4: 0 1 
conditions: 
0: LESS_THAN(1), 
1: LAGER_THAN(0), 
2: LESS_THAN(3), 
3: LAGER_THAN(2), 
4: 
========= Pattern =========
root: 0 hop: 2 degree: 4
search sequence:
0 1 2 3 4 
back connectivity:
0: 
1: 0 
2: 0 1 
3: 0 1 2 
4: 0 1 
compute execute sequence:
(MATERIALIZE,0),(COMPUTE,1),(MATERIALIZE,1),(COMPUTE,2),(MATERIALIZE,2),(COMPUTE,3),(COMPUTE,4),
======= Plan Pattern =======
vertex count: 5 edge count: 8
execute sequence:
(MATERIALIZE,0),(COMPUTE,1),(MATERIALIZE,1),(COMPUTE,2),(MATERIALIZE,2),(COMPUTE,3),(COMPUTE_COUNT,4),
materialized vertices:()
computed_unmaterialized_vertices:()
materialized vertices:(0)
computed_unmaterialized_vertices:()
materialized vertices:(0)
computed_unmaterialized_vertices:(1)
materialized vertices:(0,1)
computed_unmaterialized_vertices:()
materialized vertices:(0,1)
computed_unmaterialized_vertices:(2)
materialized vertices:(0,1,2)
computed_unmaterialized_vertices:()
materialized vertices:(0,1,2)
computed_unmaterialized_vertices:(3)
start read csr bin file....
uintV_size=4,uintE_size=8
vertex_count=10,edge_count=52
finish read csr bin file, elapsed_time=0.031ms
finish loaded view bin partition file, 1 view bins, elapsed_time=0.046000ms
max partitioned sources num: 10
finish view bin buffer, elapsed_time=7323.209000ms
producer 1 gets 0
view bin 0: sources 10 vertices 10 edges 52
finish view bin materialized 0, elapsed_time=2.053000ms
producer 1 produces 0 in 0
available mem: 10854
available mem after: 10854
finish device 0 executor construction, elapsed_time=13.072000ms
consumer 0 gets 0
device 0 transfer view bin 0
available mem for imdata: 10854
finish device 0 memory copy, elapsed_time=0.043000ms
consumer 0 completes transfer 0


Current process: MATERIALIZE 0
Instances: 
instances[0] NULL
instances[1] NULL
instances[2] NULL
instances[3] NULL
instances[4] NULL
CandidatesIndices: 
candidates_index[0] NULL
candidates_index[1] NULL
candidates_index[2] NULL
candidates_index[3] NULL
candidates_index[4] NULL
CandidatesOffsets: 
candidates_offset[0] NULL
candidates_offset[1] NULL
candidates_offset[2] NULL
candidates_offset[3] NULL
candidates_offset[4] NULL
Candidates: 
candidates[0] NULL
candidates[1] NULL
candidates[2] NULL
candidates[3] NULL
candidates[4] NULL


Current process: COMPUTE 1
Instances: 
instances[0] size=10, 0 1 2 3 4 5 6 7 8 9
instances[1] NULL
instances[2] NULL
instances[3] NULL
instances[4] NULL
CandidatesIndices: 
candidates_index[0] NULL
candidates_index[1] NULL
candidates_index[2] NULL
candidates_index[3] NULL
candidates_index[4] NULL
CandidatesOffsets: 
candidates_offset[0] NULL
candidates_offset[1] NULL
candidates_offset[2] NULL
candidates_offset[3] NULL
candidates_offset[4] NULL
Candidates: 
candidates[0] NULL
candidates[1] NULL
candidates[2] NULL
candidates[3] NULL
candidates[4] NULL


Current process: MATERIALIZE 1
Instances: 
instances[0] size=10, 0 1 2 3 4 5 6 7 8 9
instances[1] NULL
instances[2] NULL
instances[3] NULL
instances[4] NULL
CandidatesIndices: 
candidates_index[0] NULL
candidates_index[1] size=10, 0 1 2 3 4 5 6 7 8 9
candidates_index[2] NULL
candidates_index[3] NULL
candidates_index[4] NULL
CandidatesOffsets: 
candidates_offset[0] NULL
candidates_offset[1] size=11, 0 8 11 16 19 21 23 25 25 26 26
candidates_offset[2] NULL
candidates_offset[3] NULL
candidates_offset[4] NULL
Candidates: 
candidates[0] NULL
candidates[1] size=26, 1 2 3 4 5 6 7 8 3 4 5 3 6 7 8 9 6 8 9 8 9 6 8 8 9 9
candidates[2] NULL
candidates[3] NULL
candidates[4] NULL


Current process: COMPUTE 2
Instances: 
instances[0] size=26, 0 0 0 0 0 0 0 0 1 1 1 2 2 2 2 2 3 3 3 4 4 5 5 6 6 8
instances[1] size=26, 1 2 3 4 5 6 7 8 3 4 5 3 6 7 8 9 6 8 9 8 9 6 8 8 9 9
instances[2] NULL
instances[3] NULL
instances[4] NULL
CandidatesIndices: 
candidates_index[0] NULL
candidates_index[1] size=26, 0 0 0 0 0 0 0 0 1 1 1 2 2 2 2 2 3 3 3 4 4 5 5 6 6 8
candidates_index[2] NULL
candidates_index[3] NULL
candidates_index[4] NULL
CandidatesOffsets: 
candidates_offset[0] NULL
candidates_offset[1] size=11, 0 8 11 16 19 21 23 25 25 26 26
candidates_offset[2] NULL
candidates_offset[3] NULL
candidates_offset[4] NULL
Candidates: 
candidates[0] NULL
candidates[1] size=26, 1 2 3 4 5 6 7 8 3 4 5 3 6 7 8 9 6 8 9 8 9 6 8 8 9 9
candidates[2] NULL
candidates[3] NULL
candidates[4] NULL


Current process: MATERIALIZE 2
Instances: 
instances[0] size=26, 0 0 0 0 0 0 0 0 1 1 1 2 2 2 2 2 3 3 3 4 4 5 5 6 6 8
instances[1] size=26, 1 2 3 4 5 6 7 8 3 4 5 3 6 7 8 9 6 8 9 8 9 6 8 8 9 9
instances[2] NULL
instances[3] NULL
instances[4] NULL
CandidatesIndices: 
candidates_index[0] NULL
candidates_index[1] size=26, 0 0 0 0 0 0 0 0 1 1 1 2 2 2 2 2 3 3 3 4 4 5 5 6 6 8
candidates_index[2] size=26, 0 1 2 3 4 5 6 7 8 9 10 11 12 13 14 15 16 17 18 19 20 21 22 23 24 25
candidates_index[3] NULL
candidates_index[4] NULL
CandidatesOffsets: 
candidates_offset[0] NULL
candidates_offset[1] size=11, 0 8 11 16 19 21 23 25 25 26 26
candidates_offset[2] size=27, 0 3 7 11 13 16 20 21 26 27 28 29 33 37 38 42 45 49 53 56 58 59 61 63 68 71 75
candidates_offset[3] NULL
candidates_offset[4] NULL
Candidates: 
candidates[0] NULL
candidates[1] size=26, 1 2 3 4 5 6 7 8 3 4 5 3 6 7 8 9 6 8 9 8 9 6 8 8 9 9
candidates[2] size=75, 3 4 5 3 6 7 8 1 2 6 8 1 8 1 6 8 2 3 5 8 2 2 3 4 5 6 0 0 0 0 6 8 9 0 3 8 9 0 0 3 6 9 3 6 8 0 2 8 9 0 2 6 9 2 6 8 0 9 8 0 8 0 6 0 2 3 5 9 2 3 8 2 3 4 6
candidates[3] NULL
candidates[4] NULL


Current process: COMPUTE 3
Instances: 
instances[0] size=75, 0 0 0 0 0 0 0 0 0 0 0 0 0 0 0 0 0 0 0 0 0 0 0 0 0 0 1 1 1 2 2 2 2 2 2 2 2 2 2 2 2 2 2 2 2 3 3 3 3 3 3 3 3 3 3 3 4 4 4 5 5 5 5 6 6 6 6 6 6 6 6 8 8 8 8
instances[1] size=75, 1 1 1 2 2 2 2 3 3 3 3 4 4 5 5 5 6 6 6 6 7 8 8 8 8 8 3 4 5 3 3 3 3 6 6 6 6 7 8 8 8 8 9 9 9 6 6 6 6 8 8 8 8 9 9 9 8 8 9 6 6 8 8 8 8 8 8 8 9 9 9 9 9 9 9
instances[2] size=75, 3 4 5 3 6 7 8 1 2 6 8 1 8 1 6 8 2 3 5 8 2 2 3 4 5 6 0 0 0 0 6 8 9 0 3 8 9 0 0 3 6 9 3 6 8 0 2 8 9 0 2 6 9 2 6 8 0 9 8 0 8 0 6 0 2 3 5 9 2 3 8 2 3 4 6
instances[3] NULL
instances[4] NULL
CandidatesIndices: 
candidates_index[0] NULL
candidates_index[1] size=26, 0 0 0 0 0 0 0 0 1 1 1 2 2 2 2 2 3 3 3 4 4 5 5 6 6 8
candidates_index[2] size=75, 0 0 0 1 1 1 1 2 2 2 2 3 3 4 4 4 5 5 5 5 6 7 7 7 7 7 8 9 10 11 11 11 11 12 12 12 12 13 14 14 14 14 15 15 15 16 16 16 16 17 17 17 17 18 18 18 19 19 20 21 21 22 22 23 23 23 23 23 24 24 24 25 25 25 25
candidates_index[3] NULL
candidates_index[4] NULL
CandidatesOffsets: 
candidates_offset[0] NULL
candidates_offset[1] size=11, 0 8 11 16 19 21 23 25 25 26 26
candidates_offset[2] size=27, 0 3 7 11 13 16 20 21 26 27 28 29 33 37 38 42 45 49 53 56 58 59 61 63 68 71 75
candidates_offset[3] NULL
candidates_offset[4] NULL
Candidates: 
candidates[0] NULL
candidates[1] size=26, 1 2 3 4 5 6 7 8 3 4 5 3 6 7 8 9 6 8 9 8 9 6 8 8 9 9
candidates[2] size=75, 3 4 5 3 6 7 8 1 2 6 8 1 8 1 6 8 2 3 5 8 2 2 3 4 5 6 0 0 0 0 6 8 9 0 3 8 9 0 0 3 6 9 3 6 8 0 2 8 9 0 2 6 9 2 6 8 0 9 8 0 8 0 6 0 2 3 5 9 2 3 8 2 3 4 6
candidates[3] NULL
candidates[4] NULL


Current process: COMPUTE_COUNT 4
Instances: 
instances[0] size=75, 0 0 0 0 0 0 0 0 0 0 0 0 0 0 0 0 0 0 0 0 0 0 0 0 0 0 1 1 1 2 2 2 2 2 2 2 2 2 2 2 2 2 2 2 2 3 3 3 3 3 3 3 3 3 3 3 4 4 4 5 5 5 5 6 6 6 6 6 6 6 6 8 8 8 8
instances[1] size=75, 1 1 1 2 2 2 2 3 3 3 3 4 4 5 5 5 6 6 6 6 7 8 8 8 8 8 3 4 5 3 3 3 3 6 6 6 6 7 8 8 8 8 9 9 9 6 6 6 6 8 8 8 8 9 9 9 8 8 9 6 6 8 8 8 8 8 8 8 9 9 9 9 9 9 9
instances[2] size=75, 3 4 5 3 6 7 8 1 2 6 8 1 8 1 6 8 2 3 5 8 2 2 3 4 5 6 0 0 0 0 6 8 9 0 3 8 9 0 0 3 6 9 3 6 8 0 2 8 9 0 2 6 9 2 6 8 0 9 8 0 8 0 6 0 2 3 5 9 2 3 8 2 3 4 6
instances[3] NULL
instances[4] NULL
CandidatesIndices: 
candidates_index[0] NULL
candidates_index[1] size=26, 0 0 0 0 0 0 0 0 1 1 1 2 2 2 2 2 3 3 3 4 4 5 5 6 6 8
candidates_index[2] size=75, 0 0 0 1 1 1 1 2 2 2 2 3 3 4 4 4 5 5 5 5 6 7 7 7 7 7 8 9 10 11 11 11 11 12 12 12 12 13 14 14 14 14 15 15 15 16 16 16 16 17 17 17 17 18 18 18 19 19 20 21 21 22 22 23 23 23 23 23 24 24 24 25 25 25 25
candidates_index[3] size=75, 0 1 2 3 4 5 6 7 8 9 10 11 12 13 14 15 16 17 18 19 20 21 22 23 24 25 26 27 28 29 30 31 32 33 34 35 36 37 38 39 40 41 42 43 44 45 46 47 48 49 50 51 52 53 54 55 56 57 58 59 60 61 62 63 64 65 66 67 68 69 70 71 72 73 74
candidates_index[4] NULL
CandidatesOffsets: 
candidates_offset[0] NULL
candidates_offset[1] size=11, 0 8 11 16 19 21 23 25 25 26 26
candidates_offset[2] size=27, 0 3 7 11 13 16 20 21 26 27 28 29 33 37 38 42 45 49 53 56 58 59 61 63 68 71 75
candidates_offset[3] size=76, 0 0 0 0 2 3 3 3 3 5 6 6 6 6 6 7 7 9 10 11 11 11 13 14 14 15 15 15 15 15 17 19 20 20 22 24 25 25 25 27 29 30 30 32 33 33 35 37 38 38 40 42 43 43 45 46 46 46 46 46 47 47 48 48 51 53 54 54 54 56 57 57 59 60 60 60
candidates_offset[4] NULL
Candidates: 
candidates[0] NULL
candidates[1] size=26, 1 2 3 4 5 6 7 8 3 4 5 3 6 7 8 9 6 8 9 8 9 6 8 8 9 9
candidates[2] size=75, 3 4 5 3 6 7 8 1 2 6 8 1 8 1 6 8 2 3 5 8 2 2 3 4 5 6 0 0 0 0 6 8 9 0 3 8 9 0 0 3 6 9 3 6 8 0 2 8 9 0 2 6 9 2 6 8 0 9 8 0 8 0 6 0 2 3 5 9 2 3 8 2 3 4 6
candidates[3] size=60, 6 8 8 6 8 8 8 3 8 8 8 3 6 6 6 6 8 8 9 9 3 8 8 9 9 3 6 6 9 9 6 8 8 2 8 8 9 9 2 6 6 9 9 6 8 8 8 6 2 3 5 3 9 9 3 8 8 3 6 6
candidates[4] NULL
finish device 0 match, elapsed_time=5.716000ms
consumer 0 completes match 0
consumer 0 stops
finish total time, elapsed_time=19.297000ms
total count for query 0: 116
