-------------------- m8_r8_t32_h2 @ triangle : -p 19 --------------------
m: 8 t: 32 qs: 3 pn: 3 cn: 1
equivalence classes:
0: 0 
1: 1 2 
conditions:
1 2
========= P19 =========
vertex count: 3 edge count: 2
0: 1 2 
1: 0 
2: 0 
conditions: 
0: 
1: LESS_THAN(2), 
2: LAGER_THAN(1), 
========= Pattern =========
root: 0 hop: 1 degree: 2
search sequence:
0 1 2 
back connectivity:
0: 
1: 0 
2: 0 
compute execute sequence:
(MATERIALIZE,0),(COMPUTE,1),(COMPUTE,2),
======= Plan Pattern =======
vertex count: 3 edge count: 2
execute sequence:
(MATERIALIZE,0),(COMPUTE,1),(COMPUTE_COUNT,2),
materialized vertices:()
computed_unmaterialized_vertices:()
materialized vertices:(0)
computed_unmaterialized_vertices:()
materialized vertices:(0)
computed_unmaterialized_vertices:(1)
start read csr bin file....
uintV_size=4,uintE_size=8
vertex_count=3,edge_count=6
finish read csr bin file, elapsed_time=0.027ms
finish loaded view bin partition file, 1 view bins, elapsed_time=0.088000ms
max partitioned sources num: 3
finish view bin buffer, elapsed_time=7637.662000ms
producer 0 gets 0
view bin 0: sources 3 vertices 3 edges 6
finish view bin materialized 0, elapsed_time=6.432000ms
producer 0 produces 0 in 0
available mem: 10854
available mem after: 10854
finish device 0 executor construction, elapsed_time=12.712000ms
consumer 0 gets 0
device 0 transfer view bin 0
available mem for imdata: 10854
finish device 0 memory copy, elapsed_time=0.045000ms
consumer 0 completes transfer 0


Current process: MATERIALIZE 0
Instances: 
instances[0] NULL
instances[1] NULL
instances[2] NULL
CandidatesIndices: 
candidates_index[0] NULL
candidates_index[1] NULL
candidates_index[2] NULL
CandidatesOffsets: 
candidates_offset[0] NULL
candidates_offset[1] NULL
candidates_offset[2] NULL
Candidates: 
candidates[0] NULL
candidates[1] NULL
candidates[2] NULL


Current process: COMPUTE 1
Instances: 
instances[0] size=3, 0 1 2
instances[1] NULL
instances[2] NULL
CandidatesIndices: 
candidates_index[0] NULL
candidates_index[1] NULL
candidates_index[2] NULL
CandidatesOffsets: 
candidates_offset[0] NULL
candidates_offset[1] NULL
candidates_offset[2] NULL
Candidates: 
candidates[0] NULL
candidates[1] NULL
candidates[2] NULL


Current process: COMPUTE_COUNT 2
Instances: 
instances[0] size=3, 0 1 2
instances[1] NULL
instances[2] NULL
CandidatesIndices: 
candidates_index[0] NULL
candidates_index[1] size=3, 0 1 2
candidates_index[2] NULL
CandidatesOffsets: 
candidates_offset[0] NULL
candidates_offset[1] size=4, 0 2 4 6
candidates_offset[2] NULL
Candidates: 
candidates[0] NULL
candidates[1] size=6, 1 2 0 2 0 1
candidates[2] NULL
finish device 0 match, elapsed_time=3.637000ms
consumer 0 completes match 0
consumer 0 stops
finish total time, elapsed_time=16.854000ms
total count for query 0: 3
